#
# There is insufficient memory for the Java Runtime Environment to continue.
# Native memory allocation (malloc) failed to allocate 54928 bytes for Chunk::new
# Possible reasons:
#   The system is out of physical RAM or swap space
#   In 32 bit mode, the process size limit was hit
# Possible solutions:
#   Reduce memory load on the system
#   Increase physical memory or swap space
#   Check if swap backing store is full
#   Use 64 bit Java on a 64 bit OS
#   Decrease Java heap size (-Xmx/-Xms)
#   Decrease number of Java threads
#   Decrease Java thread stack sizes (-Xss)
#   Set larger code cache with -XX:ReservedCodeCacheSize=
# This output file may be truncated or incomplete.
#
#  Out of Memory Error (allocation.cpp:328), pid=7016, tid=6604
#
# JRE version: 7.0_07-b11
# Java VM: Java HotSpot(TM) 64-Bit Server VM (23.3-b01 mixed mode windows-amd64 compressed oops)
# Failed to write core dump. Minidumps are not enabled by default on client versions of Windows
#

---------------  T H R E A D  ---------------

Current thread (0x000000000b90a000):  JavaThread "C2 CompilerThread0" daemon [_thread_in_native, id=6604, stack(0x000000000d090000,0x000000000d190000)]

Stack: [0x000000000d090000,0x000000000d190000]

Current CompileTask:
C2:  21371  136             com.sun.openpisces.Renderer::produceAlphas (589 bytes)


---------------  P R O C E S S  ---------------

Java Threads: ( => current thread )
  0x000000000e1af800 JavaThread "Thread-6" [_thread_in_native, id=4932, stack(0x00000000159c0000,0x0000000015ac0000)]
  0x000000000e1ae800 JavaThread "Thread-5" [_thread_in_vm, id=2996, stack(0x0000000015850000,0x0000000015950000)]
  0x000000000db70000 JavaThread "Prism Font Disposer" daemon [_thread_blocked, id=6564, stack(0x00000000114b0000,0x00000000115b0000)]
  0x000000000d706000 JavaThread "Thread-2" [_thread_in_native, id=6576, stack(0x0000000011260000,0x0000000011360000)]
  0x000000000d898000 JavaThread "Thread-3" daemon [_thread_in_native, id=6304, stack(0x0000000011090000,0x0000000011190000)]
  0x000000000d8fb800 JavaThread "JavaFX Application Thread" [_thread_in_native, id=4332, stack(0x000000000f640000,0x000000000f740000)]
  0x000000000d735800 JavaThread "Disposer" daemon [_thread_blocked, id=6296, stack(0x000000000f4d0000,0x000000000f5d0000)]
  0x000000000d8ee800 JavaThread "QuantumRenderer-0" daemon [_thread_in_native, id=6392, stack(0x000000000f160000,0x000000000f260000)]
  0x000000000d727800 JavaThread "JavaFX-Launcher" [_thread_blocked, id=6292, stack(0x0000000006310000,0x0000000006410000)]
  0x000000000d6ca000 JavaThread "traceMsgQueueThread" daemon [_thread_blocked, id=4828, stack(0x000000000e290000,0x000000000e390000)]
  0x000000000b917000 JavaThread "Service Thread" daemon [_thread_blocked, id=6776, stack(0x000000000d4b0000,0x000000000d5b0000)]
  0x000000000b90d800 JavaThread "C2 CompilerThread1" daemon [_thread_blocked, id=6412, stack(0x000000000d2c0000,0x000000000d3c0000)]
=>0x000000000b90a000 JavaThread "C2 CompilerThread0" daemon [_thread_in_native, id=6604, stack(0x000000000d090000,0x000000000d190000)]
  0x000000000b909000 JavaThread "Attach Listener" daemon [_thread_blocked, id=6388, stack(0x000000000ce80000,0x000000000cf80000)]
  0x000000000b902000 JavaThread "Signal Dispatcher" daemon [_thread_blocked, id=2752, stack(0x000000000cbc0000,0x000000000ccc0000)]
  0x000000000251b000 JavaThread "Finalizer" daemon [_thread_blocked, id=6472, stack(0x000000000ccc0000,0x000000000cdc0000)]
  0x0000000002514000 JavaThread "Reference Handler" daemon [_thread_blocked, id=6580, stack(0x000000000cab0000,0x000000000cbb0000)]
  0x00000000025dc800 JavaThread "main" [_thread_blocked, id=6784, stack(0x0000000002630000,0x0000000002730000)]

Other Threads:
  0x0000000002510000 VMThread [stack: 0x000000000c960000,0x000000000ca60000] [id=5160]
  0x000000000b923800 WatcherThread [stack: 0x000000000d190000,0x000000000d290000] [id=6680]

VM state:not at safepoint (normal execution)

VM Mutex/Monitor currently owned by a thread: None

Heap
 PSYoungGen      total 37824K, used 31245K [0x00000007d5cb0000, 0x00000007d86e0000, 0x0000000800000000)
  eden space 32448K, 96% used [0x00000007d5cb0000,0x00000007d7b33410,0x00000007d7c60000)
  from space 5376K, 0% used [0x00000007d81a0000,0x00000007d81a0000,0x00000007d86e0000)
  to   space 5376K, 0% used [0x00000007d7c60000,0x00000007d7c60000,0x00000007d81a0000)
 ParOldGen       total 86464K, used 0K [0x0000000781600000, 0x0000000786a70000, 0x00000007d5cb0000)
  object space 86464K, 0% used [0x0000000781600000,0x0000000781600000,0x0000000786a70000)
 PSPermGen       total 21248K, used 16292K [0x000000077c400000, 0x000000077d8c0000, 0x0000000781600000)
  object space 21248K, 76% used [0x000000077c400000,0x000000077d3e9348,0x000000077d8c0000)

Card table byte_map: [0x0000000005730000,0x0000000005b50000] byte_map_base: 0x0000000001b4e000

Polling page: 0x0000000000230000

Code Cache  [0x0000000002730000, 0x00000000029a0000, 0x0000000005730000)
 total_blobs=658 nmethods=138 adapters=471 free_code_cache=48260Kb largest_free_block=49407232

Compilation events (10 events):
Event: 17.620 Thread 0x000000000b90d800 nmethod 129 0x00000000027ff810 code [0x00000000027ff940, 0x00000000027ff998]
Event: 20.417 Thread 0x000000000b90a000  132             java.lang.StringBuilder::toString (17 bytes)
Event: 20.420 Thread 0x000000000b90a000 nmethod 132 0x00000000028011d0 code [0x0000000002801320, 0x00000000028015f8]
Event: 20.548 Thread 0x000000000b90d800  133             com.sun.javafx.geom.RectBounds::isEmpty (30 bytes)
Event: 20.548 Thread 0x000000000b90d800 nmethod 133 0x000000000280ebd0 code [0x000000000280ed00, 0x000000000280ed78]
Event: 20.549 Thread 0x000000000b90a000  134             java.lang.Math::max (11 bytes)
Event: 20.549 Thread 0x000000000b90a000 nmethod 134 0x0000000002800fd0 code [0x0000000002801100, 0x0000000002801158]
Event: 21.344 Thread 0x000000000b90d800  135             com.sun.openpisces.Renderer$ScanlineIterator::next (352 bytes)
Event: 21.355 Thread 0x000000000b90a000  136             com.sun.openpisces.Renderer::produceAlphas (589 bytes)
Event: 21.359 Thread 0x000000000b90d800 nmethod 135 0x000000000280ee90 code [0x000000000280f040, 0x000000000280fb68]

GC Heap History (0 events):
No events

Deoptimization events (10 events):
Event: 3.955 Thread 0x000000000d8fb800 Uncommon trap -34 fr.pc 0x00000000027a24b4
Event: 3.955 Thread 0x000000000d8fb800 Uncommon trap -34 fr.pc 0x00000000027a24b4
Event: 3.958 Thread 0x000000000d8fb800 Uncommon trap -58 fr.pc 0x00000000027f4454
Event: 3.958 Thread 0x000000000d8fb800 Uncommon trap -34 fr.pc 0x00000000027a24b4
Event: 3.958 Thread 0x000000000d8fb800 Uncommon trap -34 fr.pc 0x00000000027a24b4
Event: 3.959 Thread 0x000000000d8fb800 Uncommon trap -58 fr.pc 0x00000000027f4454
Event: 3.959 Thread 0x000000000d8fb800 Uncommon trap -58 fr.pc 0x00000000027f4454
Event: 3.959 Thread 0x000000000d8fb800 Uncommon trap -58 fr.pc 0x00000000027f4454
Event: 4.012 Thread 0x000000000d8fb800 Uncommon trap -12 fr.pc 0x00000000027f5090
Event: 20.272 Thread 0x000000000d8fb800 Uncommon trap 45 fr.pc 0x000000000279c2b0

Internal exceptions (10 events):
Event: 3.703 Thread 0x000000000d8fb800 Threw 0x00000007d70a3fb0 at C:\jdk7u1_64p\jdk7u7\hotspot\src\share\vm\prims\jvm.cpp:1166
Event: 3.710 Thread 0x000000000d8fb800 Threw 0x00000007d70e6378 at C:\jdk7u1_64p\jdk7u7\hotspot\src\share\vm\interpreter\interpreterRuntime.cpp:347
Event: 3.712 Thread 0x000000000d8fb800 Threw 0x00000007d7104a18 at C:\jdk7u1_64p\jdk7u7\hotspot\src\share\vm\interpreter\interpreterRuntime.cpp:347
Event: 3.899 Thread 0x000000000d8fb800 Threw 0x00000007d749cfd0 at C:\jdk7u1_64p\jdk7u7\hotspot\src\share\vm\prims\jvm.cpp:1166
Event: 3.900 Thread 0x000000000d8fb800 Threw 0x00000007d74a5448 at C:\jdk7u1_64p\jdk7u7\hotspot\src\share\vm\prims\jvm.cpp:1166
Event: 3.900 Thread 0x000000000d8fb800 Threw 0x00000007d74ad470 at C:\jdk7u1_64p\jdk7u7\hotspot\src\share\vm\prims\jvm.cpp:1166
Event: 4.012 Thread 0x000000000d8fb800 Implicit null exception at 0x00000000027f4f8b to 0x00000000027f5085
Event: 18.113 Thread 0x000000000d706000 Threw 0x00000007d6978bf0 at C:\jdk7u1_64p\jdk7u7\hotspot\src\share\vm\prims\jni.cpp:742
Event: 21.333 Thread 0x000000000e1ae800 Threw 0x00000007d79700e8 at C:\jdk7u1_64p\jdk7u7\hotspot\src\share\vm\prims\jvm.cpp:1166
Event: 21.338 Thread 0x000000000e1ae800 Threw 0x00000007d7970c30 at C:\jdk7u1_64p\jdk7u7\hotspot\src\share\vm\prims\jvm.cpp:1166

Events (10 events):
Event: 21.363 loading class 0x000000000dc081e0 done
Event: 21.364 loading class 0x000000000dc081a0
Event: 21.364 loading class 0x000000000dc081a0 done
Event: 21.364 loading class 0x000000000d9c6e50
Event: 21.364 loading class 0x000000000d9c6e50 done
Event: 21.364 loading class 0x000000000d74c160
Event: 21.364 loading class 0x000000000d74c160 done
Event: 21.366 loading class 0x000000000d772af0
Event: 21.367 loading class 0x000000000d772af0 done
Event: 21.367 loading class 0x000000000dbcaf20


Dynamic libraries:
0x000000013ff00000 - 0x000000013ff33000 	C:\Program Files\Java\jdk1.7.0_07\bin\java.exe
0x00000000770f0000 - 0x0000000077299000 	C:\Windows\SYSTEM32\ntdll.dll
0x0000000076ed0000 - 0x0000000076fef000 	C:\Windows\system32\kernel32.dll
0x000007fefd380000 - 0x000007fefd3eb000 	C:\Windows\system32\KERNELBASE.dll
0x000007fefec60000 - 0x000007fefed3b000 	C:\Windows\system32\ADVAPI32.dll
0x000007fefebc0000 - 0x000007fefec5f000 	C:\Windows\system32\msvcrt.dll
0x000007fefd440000 - 0x000007fefd45f000 	C:\Windows\SYSTEM32\sechost.dll
0x000007fefe2b0000 - 0x000007fefe3dd000 	C:\Windows\system32\RPCRT4.dll
0x0000000076ff0000 - 0x00000000770ea000 	C:\Windows\system32\USER32.dll
0x000007fefe640000 - 0x000007fefe6a7000 	C:\Windows\system32\GDI32.dll
0x000007fefe550000 - 0x000007fefe55e000 	C:\Windows\system32\LPK.dll
0x000007fefe8e0000 - 0x000007fefe9a9000 	C:\Windows\system32\USP10.dll
0x000007fefa690000 - 0x000007fefa884000 	C:\Windows\WinSxS\amd64_microsoft.windows.common-controls_6595b64144ccf1df_6.0.7601.17514_none_fa396087175ac9ac\COMCTL32.dll
0x000007fefe7e0000 - 0x000007fefe851000 	C:\Windows\system32\SHLWAPI.dll
0x000007fefd410000 - 0x000007fefd43e000 	C:\Windows\system32\IMM32.DLL
0x000007fefe3e0000 - 0x000007fefe4e9000 	C:\Windows\system32\MSCTF.dll
0x000007fefd000000 - 0x000007fefd040000 	C:\Windows\system32\nvinitx.dll
0x00000000558b0000 - 0x0000000055981000 	C:\Program Files\Java\jdk1.7.0_07\jre\bin\msvcr100.dll
0x00000000546a0000 - 0x0000000054dbf000 	C:\Program Files\Java\jdk1.7.0_07\jre\bin\server\jvm.dll
0x000007fefa5c0000 - 0x000007fefa5c9000 	C:\Windows\system32\WSOCK32.dll
0x000007fefe4f0000 - 0x000007fefe53d000 	C:\Windows\system32\WS2_32.dll
0x000007fefe540000 - 0x000007fefe548000 	C:\Windows\system32\NSI.dll
0x000007fef9550000 - 0x000007fef958b000 	C:\Windows\system32\WINMM.dll
0x00000000772b0000 - 0x00000000772b7000 	C:\Windows\system32\PSAPI.DLL
0x0000000057cd0000 - 0x0000000057cdf000 	C:\Program Files\Java\jdk1.7.0_07\jre\bin\verify.dll
0x0000000055a00000 - 0x0000000055a28000 	C:\Program Files\Java\jdk1.7.0_07\jre\bin\java.dll
0x00000000559e0000 - 0x00000000559f5000 	C:\Program Files\Java\jdk1.7.0_07\jre\bin\zip.dll
0x0000000055010000 - 0x0000000055071000 	C:\Program Files\Java\jdk1.7.0_07\jre\bin\deploy.dll
0x000007fefe9b0000 - 0x000007fefebb3000 	C:\Windows\system32\ole32.dll
0x000007fefe560000 - 0x000007fefe637000 	C:\Windows\system32\OLEAUT32.dll
0x000007fefc140000 - 0x000007fefc14c000 	C:\Windows\system32\VERSION.dll
0x000007fefe6b0000 - 0x000007fefe7da000 	C:\Windows\system32\WININET.dll
0x000007fefed40000 - 0x000007fefeeb9000 	C:\Windows\system32\urlmon.dll
0x000007fefd0f0000 - 0x000007fefd25a000 	C:\Windows\system32\CRYPT32.dll
0x000007fefd0e0000 - 0x000007fefd0ef000 	C:\Windows\system32\MSASN1.dll
0x000007feff140000 - 0x000007feff398000 	C:\Windows\system32\iertutil.dll
0x000007fefd520000 - 0x000007fefe2a8000 	C:\Windows\system32\SHELL32.dll
0x000007fefd040000 - 0x000007fefd04f000 	C:\Windows\system32\profapi.dll
0x000007fefcea0000 - 0x000007fefcec5000 	C:\Windows\system32\SspiCli.dll
0x000007fefc6f0000 - 0x000007fefc74b000 	C:\Windows\system32\dnsapi.DLL
0x000007fefaea0000 - 0x000007fefaec7000 	C:\Windows\system32\iphlpapi.DLL
0x000007fefae90000 - 0x000007fefae9b000 	C:\Windows\system32\WINNSI.DLL
0x000007fefcf30000 - 0x000007fefcf3f000 	C:\Windows\system32\CRYPTBASE.dll
0x000007fefeec0000 - 0x000007fefef59000 	C:\Windows\system32\CLBCatQ.DLL
0x000007fefc8d0000 - 0x000007fefc8e7000 	C:\Windows\system32\CRYPTSP.dll
0x000007fefc5d0000 - 0x000007fefc617000 	C:\Windows\system32\rsaenh.dll
0x000007fefcfe0000 - 0x000007fefcff4000 	C:\Windows\system32\RpcRtRemote.dll
0x000007fefaac0000 - 0x000007fefaad8000 	C:\Windows\system32\DHCPCSVC.DLL
0x000007fefc870000 - 0x000007fefc8c5000 	C:\Windows\system32\mswsock.dll
0x000007fefad20000 - 0x000007fefad31000 	C:\Windows\system32\dhcpcsvc6.DLL
0x000007fefc210000 - 0x000007fefc217000 	C:\Windows\System32\wshtcpip.dll
0x000007fefc860000 - 0x000007fefc867000 	C:\Windows\System32\wship6.dll
0x000007fef9530000 - 0x000007fef9538000 	C:\Windows\system32\rasadhlp.dll
0x0000000055500000 - 0x000000005550f000 	C:\Program Files\Java\jdk1.7.0_07\jre\bin\prism-d3d.dll
0x000007feeee30000 - 0x000007feef02f000 	C:\Windows\system32\d3d9.dll
0x000007fef4a80000 - 0x000007fef4a87000 	C:\Windows\system32\d3d8thk.dll
0x000007fefa0d0000 - 0x000007fefa0e8000 	C:\Windows\system32\dwmapi.dll
0x000007fefa540000 - 0x000007fefa596000 	C:\Windows\system32\uxtheme.dll
0x000007feeb980000 - 0x000007feecab4000 	C:\Windows\system32\nvd3dumx.dll
0x0000000180000000 - 0x0000000180806000 	C:\Windows\system32\igdumd64.dll
0x0000000055110000 - 0x0000000055142000 	C:\Program Files\Java\jdk1.7.0_07\jre\bin\glass.dll
0x000007fefd460000 - 0x000007fefd4f7000 	C:\Windows\system32\COMDLG32.dll
0x0000000002520000 - 0x000000000253b000 	C:\Program Files (x86)\SlySoft\AnyDVD\ADvdDiscHlp64.dll
0x000007fefbb70000 - 0x000007fefbb9c000 	C:\Windows\system32\powrprof.dll
0x000007fefef60000 - 0x000007feff137000 	C:\Windows\system32\SETUPAPI.dll
0x000007fefd260000 - 0x000007fefd296000 	C:\Windows\system32\CFGMGR32.dll
0x000007fefd3f0000 - 0x000007fefd40a000 	C:\Windows\system32\DEVOBJ.dll
0x0000000010a40000 - 0x0000000010b59000 	C:\Program Files (x86)\NVIDIA Corporation\3D Vision\nvSCPAPI64.dll
0x000007fef82a0000 - 0x000007fef8347000 	C:\Windows\system32\dxgi.dll
0x00000000559c0000 - 0x00000000559d9000 	C:\Program Files\Java\jdk1.7.0_07\jre\bin\net.dll
0x00000000550a0000 - 0x00000000550da000 	C:\Program Files\Java\jdk1.7.0_07\jre\bin\javafx-iio.dll
0x0000000069340000 - 0x00000000693c5000 	C:\Users\Karl\AppData\Local\Temp\sqlite-3.7.2-sqlitejdbc.dll
0x0000000054fc0000 - 0x000000005500f000 	C:\Program Files\Java\jdk1.7.0_07\jre\bin\javafx-font.dll
0x000007fef9fa0000 - 0x000007fefa0ca000 	C:\Windows\system32\WindowsCodecs.dll
0x000007fefced0000 - 0x000007fefcf27000 	C:\Windows\system32\apphelp.dll
0x000007fef7160000 - 0x000007fef718a000 	C:\Users\Karl\AppData\Roaming\Dropbox\bin\DropboxExt64.17.dll
0x000007fef7030000 - 0x000007fef7155000 	C:\Windows\system32\dbghelp.dll
0x0000000073dd0000 - 0x0000000073ea3000 	C:\Windows\WinSxS\amd64_microsoft.vc90.crt_1fc8b3b9a1e18e3b_9.0.30729.6161_none_08e61857a83bc251\MSVCP90.dll
0x0000000073d20000 - 0x0000000073dc3000 	C:\Windows\WinSxS\amd64_microsoft.vc90.crt_1fc8b3b9a1e18e3b_9.0.30729.6161_none_08e61857a83bc251\MSVCR90.dll
0x000007fef7d90000 - 0x000007fef7dc5000 	C:\Windows\system32\EhStorShell.dll
0x000007fefb9b0000 - 0x000007fefbadc000 	C:\Windows\system32\PROPSYS.dll
0x000007fef7d00000 - 0x000007fef7d80000 	C:\Windows\system32\ntshrui.dll
0x000007fefcae0000 - 0x000007fefcb03000 	C:\Windows\system32\srvcli.dll
0x000007fef7cf0000 - 0x000007fef7cff000 	C:\Windows\system32\cscapi.dll
0x000007fefaf90000 - 0x000007fefaf9b000 	C:\Windows\system32\slc.dll
0x000007fef50c0000 - 0x000007fef50ed000 	C:\Program Files\Common Files\Microsoft Shared\Ink\rtscom.dll
0x000007fefad50000 - 0x000007fefada3000 	C:\Windows\System32\fwpuclnt.dll

VM Arguments:
jvm_args: -Dfile.encoding=UTF-8 
java_command: com.javafx.main.Main
Launcher Type: SUN_STANDARD

Environment Variables:
PATH=C:\Program Files (x86)\NVIDIA Corporation\PhysX\Common;C:\Program Files (x86)\Intel\iCLS Client\;C:\Program Files\Intel\iCLS Client\;C:\Windows\system32;C:\Windows;C:\Windows\System32\Wbem;C:\Windows\System32\WindowsPowerShell\v1.0\;C:\Program Files\MATLAB\R2011a\runtime\win64;C:\Program Files\MATLAB\R2011a\bin
USERNAME=Karl
OS=Windows_NT
PROCESSOR_IDENTIFIER=Intel64 Family 6 Model 42 Stepping 7, GenuineIntel



---------------  S Y S T E M  ---------------

OS: Windows 7 , 64 bit Build 7601 Service Pack 1

CPU:total 4 (2 cores per cpu, 2 threads per core) family 6 model 42 stepping 7, cmov, cx8, fxsr, mmx, sse, sse2, sse3, ssse3, sse4.1, sse4.2, popcnt, avx, ht, tsc, tscinvbit

Memory: 4k page, physical 8297308k(2030800k free), swap 8295456k(5300k free)

vm_info: Java HotSpot(TM) 64-Bit Server VM (23.3-b01) for windows-amd64 JRE (1.7.0_07-b11), built on Sep  7 2012 01:19:25 by "java_re" with unknown MS VC++:1600

time: Tue Jan 29 22:01:20 2013
elapsed time: 21 seconds

