#
# There is insufficient memory for the Java Runtime Environment to continue.
# Native memory allocation (malloc) failed to allocate 511216 bytes for Chunk::new
# Possible reasons:
#   The system is out of physical RAM or swap space
#   In 32 bit mode, the process size limit was hit
# Possible solutions:
#   Reduce memory load on the system
#   Increase physical memory or swap space
#   Check if swap backing store is full
#   Use 64 bit Java on a 64 bit OS
#   Decrease Java heap size (-Xmx/-Xms)
#   Decrease number of Java threads
#   Decrease Java thread stack sizes (-Xss)
#   Set larger code cache with -XX:ReservedCodeCacheSize=
# This output file may be truncated or incomplete.
#
#  Out of Memory Error (allocation.cpp:328), pid=5780, tid=6536
#
# JRE version: 7.0_07-b11
# Java VM: Java HotSpot(TM) 64-Bit Server VM (23.3-b01 mixed mode windows-amd64 compressed oops)
# Failed to write core dump. Minidumps are not enabled by default on client versions of Windows
#

---------------  T H R E A D  ---------------

Current thread (0x000000000b9f5800):  JavaThread "C2 CompilerThread0" daemon [_thread_in_native, id=6536, stack(0x000000000d280000,0x000000000d380000)]

Stack: [0x000000000d280000,0x000000000d380000]

Current CompileTask:
C2:  12294  207             com.sun.javafx.css.StyleManager$StylesheetContainer::getStyleHelper (933 bytes)


---------------  P R O C E S S  ---------------

Java Threads: ( => current thread )
  0x000000000dcdb000 JavaThread "Prism Font Disposer" daemon [_thread_blocked, id=6632, stack(0x00000000113a0000,0x00000000114a0000)]
  0x000000000d9e6000 JavaThread "Thread-2" [_thread_in_native, id=6560, stack(0x00000000111c0000,0x00000000112c0000)]
  0x000000000d9e5800 JavaThread "Thread-3" daemon [_thread_in_native, id=4392, stack(0x0000000010ff0000,0x00000000110f0000)]
  0x000000000dbec000 JavaThread "JavaFX Application Thread" [_thread_in_Java, id=5944, stack(0x000000000f820000,0x000000000f920000)]
  0x000000000dbfc800 JavaThread "Disposer" daemon [_thread_blocked, id=6552, stack(0x000000000f5c0000,0x000000000f6c0000)]
  0x000000000d9b2000 JavaThread "QuantumRenderer-0" daemon [_thread_blocked, id=6484, stack(0x000000000ed20000,0x000000000ee20000)]
  0x000000000d966800 JavaThread "JavaFX-Launcher" [_thread_blocked, id=6972, stack(0x000000000efd0000,0x000000000f0d0000)]
  0x000000000d99e800 JavaThread "traceMsgQueueThread" daemon [_thread_blocked, id=4756, stack(0x000000000cf90000,0x000000000d090000)]
  0x000000000ba0c800 JavaThread "Service Thread" daemon [_thread_blocked, id=1480, stack(0x000000000d620000,0x000000000d720000)]
  0x000000000ba00800 JavaThread "C2 CompilerThread1" daemon [_thread_blocked, id=5928, stack(0x000000000d3f0000,0x000000000d4f0000)]
=>0x000000000b9f5800 JavaThread "C2 CompilerThread0" daemon [_thread_in_native, id=6536, stack(0x000000000d280000,0x000000000d380000)]
  0x000000000b9f4800 JavaThread "Attach Listener" daemon [_thread_blocked, id=5668, stack(0x000000000d0d0000,0x000000000d1d0000)]
  0x000000000b9ed000 JavaThread "Signal Dispatcher" daemon [_thread_blocked, id=2140, stack(0x000000000c9b0000,0x000000000cab0000)]
  0x00000000023d5800 JavaThread "Finalizer" daemon [_thread_blocked, id=1916, stack(0x000000000ce60000,0x000000000cf60000)]
  0x00000000023ce800 JavaThread "Reference Handler" daemon [_thread_blocked, id=5828, stack(0x000000000cca0000,0x000000000cda0000)]
  0x000000000042c800 JavaThread "main" [_thread_blocked, id=5712, stack(0x00000000026c0000,0x00000000027c0000)]

Other Threads:
  0x00000000023ca000 VMThread [stack: 0x000000000cae0000,0x000000000cbe0000] [id=4268]
  0x000000000ba15000 WatcherThread [stack: 0x000000000d720000,0x000000000d820000] [id=4180]

VM state:not at safepoint (normal execution)

VM Mutex/Monitor currently owned by a thread: None

Heap
 PSYoungGen      total 37824K, used 28766K [0x00000007d5cb0000, 0x00000007d86e0000, 0x0000000800000000)
  eden space 32448K, 72% used [0x00000007d5cb0000,0x00000007d738c7a8,0x00000007d7c60000)
  from space 5376K, 99% used [0x00000007d7c60000,0x00000007d819b0d8,0x00000007d81a0000)
  to   space 5376K, 0% used [0x00000007d81a0000,0x00000007d81a0000,0x00000007d86e0000)
 ParOldGen       total 86464K, used 636K [0x0000000781600000, 0x0000000786a70000, 0x00000007d5cb0000)
  object space 86464K, 0% used [0x0000000781600000,0x000000078169f0e8,0x0000000786a70000)
 PSPermGen       total 21248K, used 17630K [0x000000077c400000, 0x000000077d8c0000, 0x0000000781600000)
  object space 21248K, 82% used [0x000000077c400000,0x000000077d537ab0,0x000000077d8c0000)

Card table byte_map: [0x00000000057c0000,0x0000000005be0000] byte_map_base: 0x0000000001bde000

Polling page: 0x0000000000150000

Code Cache  [0x00000000027c0000, 0x0000000002a30000, 0x00000000057c0000)
 total_blobs=750 nmethods=206 adapters=495 free_code_cache=48033Kb largest_free_block=49155008

Compilation events (10 events):
Event: 12.057 Thread 0x000000000b9f5800 nmethod 203 0x0000000002885410 code [0x0000000002885540, 0x0000000002885598]
Event: 12.161 Thread 0x000000000b9f5800  204             com.sun.javafx.css.StyleableProperty::getProperty (5 bytes)
Event: 12.161 Thread 0x000000000ba00800  205             javafx.scene.Node::getParent (22 bytes)
Event: 12.161 Thread 0x000000000b9f5800 nmethod 204 0x0000000002841d10 code [0x0000000002841e40, 0x0000000002841eb8]
Event: 12.162 Thread 0x000000000ba00800 nmethod 205 0x00000000028419d0 code [0x0000000002841b20, 0x0000000002841bf8]
Event: 12.270 Thread 0x000000000b9f5800  206             java.util.concurrent.locks.AbstractQueuedSynchronizer::getState (5 bytes)
Event: 12.270 Thread 0x000000000b9f5800 nmethod 206 0x0000000002823790 code [0x00000000028238c0, 0x0000000002823918]
Event: 12.273 Thread 0x000000000b9f5800  207             com.sun.javafx.css.StyleManager$StylesheetContainer::getStyleHelper (933 bytes)
Event: 12.277 Thread 0x000000000ba00800  208             java.net.URL::getProtocol (5 bytes)
Event: 12.280 Thread 0x000000000ba00800 nmethod 208 0x0000000002823590 code [0x00000000028236c0, 0x0000000002823738]

GC Heap History (2 events):
Event: 9.228 GC heap before
{Heap before GC invocations=1 (full 0):
 PSYoungGen      total 37824K, used 32448K [0x00000007d5cb0000, 0x00000007d86e0000, 0x0000000800000000)
  eden space 32448K, 100% used [0x00000007d5cb0000,0x00000007d7c60000,0x00000007d7c60000)
  from space 5376K, 0% used [0x00000007d81a0000,0x00000007d81a0000,0x00000007d86e0000)
  to   space 5376K, 0% used [0x00000007d7c60000,0x00000007d7c60000,0x00000007d81a0000)
 ParOldGen       total 86464K, used 0K [0x0000000781600000, 0x0000000786a70000, 0x00000007d5cb0000)
  object space 86464K, 0% used [0x0000000781600000,0x0000000781600000,0x0000000786a70000)
 PSPermGen       total 21248K, used 16858K [0x000000077c400000, 0x000000077d8c0000, 0x0000000781600000)
  object space 21248K, 79% used [0x000000077c400000,0x000000077d476958,0x000000077d8c0000)
Event: 9.239 GC heap after
Heap after GC invocations=1 (full 0):
 PSYoungGen      total 37824K, used 5356K [0x00000007d5cb0000, 0x00000007d86e0000, 0x0000000800000000)
  eden space 32448K, 0% used [0x00000007d5cb0000,0x00000007d5cb0000,0x00000007d7c60000)
  from space 5376K, 99% used [0x00000007d7c60000,0x00000007d819b0d8,0x00000007d81a0000)
  to   space 5376K, 0% used [0x00000007d81a0000,0x00000007d81a0000,0x00000007d86e0000)
 ParOldGen       total 86464K, used 636K [0x0000000781600000, 0x0000000786a70000, 0x00000007d5cb0000)
  object space 86464K, 0% used [0x0000000781600000,0x000000078169f0e8,0x0000000786a70000)
 PSPermGen       total 21248K, used 16858K [0x000000077c400000, 0x000000077d8c0000, 0x0000000781600000)
  object space 21248K, 79% used [0x000000077c400000,0x000000077d476958,0x000000077d8c0000)
}

Deoptimization events (10 events):
Event: 9.195 Thread 0x000000000dbec000 Uncommon trap -34 fr.pc 0x000000000284fd08
Event: 9.195 Thread 0x000000000dbec000 Uncommon trap -34 fr.pc 0x000000000284fd08
Event: 9.195 Thread 0x000000000dbec000 Uncommon trap -34 fr.pc 0x000000000284fd08
Event: 9.195 Thread 0x000000000dbec000 Uncommon trap -34 fr.pc 0x000000000284fd08
Event: 9.253 Thread 0x000000000dbec000 Uncommon trap -34 fr.pc 0x00000000028a2e90
Event: 9.350 Thread 0x000000000dbec000 Uncommon trap -34 fr.pc 0x00000000028a2e90
Event: 9.374 Thread 0x000000000dbec000 Uncommon trap -12 fr.pc 0x00000000028b5f20
Event: 9.441 Thread 0x000000000dbec000 Uncommon trap -12 fr.pc 0x00000000028b2ec0
Event: 9.477 Thread 0x000000000dbec000 Uncommon trap -12 fr.pc 0x0000000002890228
Event: 9.576 Thread 0x000000000dbec000 Uncommon trap -12 fr.pc 0x00000000028a1c8c

Internal exceptions (10 events):
Event: 9.450 Thread 0x000000000dbec000 Threw 0x00000007d676ba30 at C:\jdk7u1_64p\jdk7u7\hotspot\src\share\vm\prims\jvm.cpp:1166
Event: 9.450 Thread 0x000000000dbec000 Threw 0x00000007d676c4a0 at C:\jdk7u1_64p\jdk7u7\hotspot\src\share\vm\prims\jvm.cpp:1166
Event: 9.451 Thread 0x000000000dbec000 Threw 0x00000007d676ce60 at C:\jdk7u1_64p\jdk7u7\hotspot\src\share\vm\prims\jvm.cpp:1166
Event: 9.455 Thread 0x000000000dbec000 Threw 0x00000007d6784430 at C:\jdk7u1_64p\jdk7u7\hotspot\src\share\vm\prims\jvm.cpp:1166
Event: 9.455 Thread 0x000000000dbec000 Threw 0x00000007d6784df0 at C:\jdk7u1_64p\jdk7u7\hotspot\src\share\vm\prims\jvm.cpp:1166
Event: 9.455 Thread 0x000000000dbec000 Threw 0x00000007d67857b0 at C:\jdk7u1_64p\jdk7u7\hotspot\src\share\vm\prims\jvm.cpp:1166
Event: 9.455 Thread 0x000000000dbec000 Threw 0x00000007d67862e8 at C:\jdk7u1_64p\jdk7u7\hotspot\src\share\vm\prims\jvm.cpp:1166
Event: 9.455 Thread 0x000000000dbec000 Threw 0x00000007d6786da8 at C:\jdk7u1_64p\jdk7u7\hotspot\src\share\vm\prims\jvm.cpp:1166
Event: 9.477 Thread 0x000000000dbec000 Implicit null exception at 0x000000000288dd4a to 0x000000000289015d
Event: 9.576 Thread 0x000000000dbec000 Implicit null exception at 0x00000000028a1c31 to 0x00000000028a1c81

Events (10 events):
Event: 12.290 loading class 0x000000000dd35240
Event: 12.290 loading class 0x000000000dd35240 done
Event: 12.290 loading class 0x000000000e3849c0
Event: 12.290 loading class 0x000000000e3849c0 done
Event: 12.291 loading class 0x000000000e384a10
Event: 12.291 loading class 0x000000000e384a10 done
Event: 12.291 loading class 0x000000000e384b00
Event: 12.291 loading class 0x000000000e384b00 done
Event: 12.291 loading class 0x000000000e384a60
Event: 12.291 loading class 0x000000000e384a60 done


Dynamic libraries:
0x000000013fbd0000 - 0x000000013fc03000 	C:\Program Files\Java\jdk1.7.0_07\bin\java.exe
0x00000000770f0000 - 0x0000000077299000 	C:\Windows\SYSTEM32\ntdll.dll
0x0000000076ed0000 - 0x0000000076fef000 	C:\Windows\system32\kernel32.dll
0x000007fefd380000 - 0x000007fefd3eb000 	C:\Windows\system32\KERNELBASE.dll
0x000007fefec60000 - 0x000007fefed3b000 	C:\Windows\system32\ADVAPI32.dll
0x000007fefebc0000 - 0x000007fefec5f000 	C:\Windows\system32\msvcrt.dll
0x000007fefd440000 - 0x000007fefd45f000 	C:\Windows\SYSTEM32\sechost.dll
0x000007fefe2b0000 - 0x000007fefe3dd000 	C:\Windows\system32\RPCRT4.dll
0x0000000076ff0000 - 0x00000000770ea000 	C:\Windows\system32\USER32.dll
0x000007fefe640000 - 0x000007fefe6a7000 	C:\Windows\system32\GDI32.dll
0x000007fefe550000 - 0x000007fefe55e000 	C:\Windows\system32\LPK.dll
0x000007fefe8e0000 - 0x000007fefe9a9000 	C:\Windows\system32\USP10.dll
0x000007fefa690000 - 0x000007fefa884000 	C:\Windows\WinSxS\amd64_microsoft.windows.common-controls_6595b64144ccf1df_6.0.7601.17514_none_fa396087175ac9ac\COMCTL32.dll
0x000007fefe7e0000 - 0x000007fefe851000 	C:\Windows\system32\SHLWAPI.dll
0x000007fefd410000 - 0x000007fefd43e000 	C:\Windows\system32\IMM32.DLL
0x000007fefe3e0000 - 0x000007fefe4e9000 	C:\Windows\system32\MSCTF.dll
0x000007fefd000000 - 0x000007fefd040000 	C:\Windows\system32\nvinitx.dll
0x00000000558b0000 - 0x0000000055981000 	C:\Program Files\Java\jdk1.7.0_07\jre\bin\msvcr100.dll
0x00000000546a0000 - 0x0000000054dbf000 	C:\Program Files\Java\jdk1.7.0_07\jre\bin\server\jvm.dll
0x000007fefa5c0000 - 0x000007fefa5c9000 	C:\Windows\system32\WSOCK32.dll
0x000007fefe4f0000 - 0x000007fefe53d000 	C:\Windows\system32\WS2_32.dll
0x000007fefe540000 - 0x000007fefe548000 	C:\Windows\system32\NSI.dll
0x000007fef9550000 - 0x000007fef958b000 	C:\Windows\system32\WINMM.dll
0x00000000772b0000 - 0x00000000772b7000 	C:\Windows\system32\PSAPI.DLL
0x0000000057cd0000 - 0x0000000057cdf000 	C:\Program Files\Java\jdk1.7.0_07\jre\bin\verify.dll
0x0000000055a00000 - 0x0000000055a28000 	C:\Program Files\Java\jdk1.7.0_07\jre\bin\java.dll
0x00000000559e0000 - 0x00000000559f5000 	C:\Program Files\Java\jdk1.7.0_07\jre\bin\zip.dll
0x0000000055010000 - 0x0000000055071000 	C:\Program Files\Java\jdk1.7.0_07\jre\bin\deploy.dll
0x000007fefe9b0000 - 0x000007fefebb3000 	C:\Windows\system32\ole32.dll
0x000007fefe560000 - 0x000007fefe637000 	C:\Windows\system32\OLEAUT32.dll
0x000007fefc140000 - 0x000007fefc14c000 	C:\Windows\system32\VERSION.dll
0x000007fefe6b0000 - 0x000007fefe7da000 	C:\Windows\system32\WININET.dll
0x000007fefed40000 - 0x000007fefeeb9000 	C:\Windows\system32\urlmon.dll
0x000007fefd0f0000 - 0x000007fefd25a000 	C:\Windows\system32\CRYPT32.dll
0x000007fefd0e0000 - 0x000007fefd0ef000 	C:\Windows\system32\MSASN1.dll
0x000007feff140000 - 0x000007feff398000 	C:\Windows\system32\iertutil.dll
0x000007fefd520000 - 0x000007fefe2a8000 	C:\Windows\system32\SHELL32.dll
0x000007fefd040000 - 0x000007fefd04f000 	C:\Windows\system32\profapi.dll
0x000007fefcea0000 - 0x000007fefcec5000 	C:\Windows\system32\SspiCli.dll
0x000007fefc6f0000 - 0x000007fefc74b000 	C:\Windows\system32\dnsapi.DLL
0x000007fefaea0000 - 0x000007fefaec7000 	C:\Windows\system32\iphlpapi.DLL
0x000007fefae90000 - 0x000007fefae9b000 	C:\Windows\system32\WINNSI.DLL
0x000007fefcf30000 - 0x000007fefcf3f000 	C:\Windows\system32\CRYPTBASE.dll
0x000007fefeec0000 - 0x000007fefef59000 	C:\Windows\system32\CLBCatQ.DLL
0x000007fefc8d0000 - 0x000007fefc8e7000 	C:\Windows\system32\CRYPTSP.dll
0x000007fefc5d0000 - 0x000007fefc617000 	C:\Windows\system32\rsaenh.dll
0x000007fefcfe0000 - 0x000007fefcff4000 	C:\Windows\system32\RpcRtRemote.dll
0x000007fefaac0000 - 0x000007fefaad8000 	C:\Windows\system32\DHCPCSVC.DLL
0x000007fefc870000 - 0x000007fefc8c5000 	C:\Windows\system32\mswsock.dll
0x000007fefad20000 - 0x000007fefad31000 	C:\Windows\system32\dhcpcsvc6.DLL
0x000007fefc210000 - 0x000007fefc217000 	C:\Windows\System32\wshtcpip.dll
0x000007fefc860000 - 0x000007fefc867000 	C:\Windows\System32\wship6.dll
0x000007fef9530000 - 0x000007fef9538000 	C:\Windows\system32\rasadhlp.dll
0x0000000055500000 - 0x000000005550f000 	C:\Program Files\Java\jdk1.7.0_07\jre\bin\prism-d3d.dll
0x000007feeee30000 - 0x000007feef02f000 	C:\Windows\system32\d3d9.dll
0x000007fef4a80000 - 0x000007fef4a87000 	C:\Windows\system32\d3d8thk.dll
0x000007fefa0d0000 - 0x000007fefa0e8000 	C:\Windows\system32\dwmapi.dll
0x000007fefa540000 - 0x000007fefa596000 	C:\Windows\system32\uxtheme.dll
0x000007feeb980000 - 0x000007feecab4000 	C:\Windows\system32\nvd3dumx.dll
0x0000000180000000 - 0x0000000180806000 	C:\Windows\system32\igdumd64.dll
0x0000000055110000 - 0x0000000055142000 	C:\Program Files\Java\jdk1.7.0_07\jre\bin\glass.dll
0x000007fefd460000 - 0x000007fefd4f7000 	C:\Windows\system32\COMDLG32.dll
0x0000000002530000 - 0x000000000254b000 	C:\Program Files (x86)\SlySoft\AnyDVD\ADvdDiscHlp64.dll
0x000007fefbb70000 - 0x000007fefbb9c000 	C:\Windows\system32\powrprof.dll
0x000007fefef60000 - 0x000007feff137000 	C:\Windows\system32\SETUPAPI.dll
0x000007fefd260000 - 0x000007fefd296000 	C:\Windows\system32\CFGMGR32.dll
0x000007fefd3f0000 - 0x000007fefd40a000 	C:\Windows\system32\DEVOBJ.dll
0x000000000f6c0000 - 0x000000000f7d9000 	C:\Program Files (x86)\NVIDIA Corporation\3D Vision\nvSCPAPI64.dll
0x000007fef82a0000 - 0x000007fef8347000 	C:\Windows\system32\dxgi.dll
0x00000000559c0000 - 0x00000000559d9000 	C:\Program Files\Java\jdk1.7.0_07\jre\bin\net.dll
0x00000000550a0000 - 0x00000000550da000 	C:\Program Files\Java\jdk1.7.0_07\jre\bin\javafx-iio.dll
0x0000000069340000 - 0x00000000693c5000 	C:\Users\Karl\AppData\Local\Temp\sqlite-3.7.2-sqlitejdbc.dll
0x0000000054fc0000 - 0x000000005500f000 	C:\Program Files\Java\jdk1.7.0_07\jre\bin\javafx-font.dll
0x000007fef9fa0000 - 0x000007fefa0ca000 	C:\Windows\system32\WindowsCodecs.dll
0x000007fefced0000 - 0x000007fefcf27000 	C:\Windows\system32\apphelp.dll
0x000007fef7160000 - 0x000007fef718a000 	C:\Users\Karl\AppData\Roaming\Dropbox\bin\DropboxExt64.17.dll
0x000007fef7030000 - 0x000007fef7155000 	C:\Windows\system32\dbghelp.dll
0x0000000073dd0000 - 0x0000000073ea3000 	C:\Windows\WinSxS\amd64_microsoft.vc90.crt_1fc8b3b9a1e18e3b_9.0.30729.6161_none_08e61857a83bc251\MSVCP90.dll
0x0000000073d20000 - 0x0000000073dc3000 	C:\Windows\WinSxS\amd64_microsoft.vc90.crt_1fc8b3b9a1e18e3b_9.0.30729.6161_none_08e61857a83bc251\MSVCR90.dll
0x000007fef7d90000 - 0x000007fef7dc5000 	C:\Windows\system32\EhStorShell.dll
0x000007fefb9b0000 - 0x000007fefbadc000 	C:\Windows\system32\PROPSYS.dll
0x000007fef7d00000 - 0x000007fef7d80000 	C:\Windows\system32\ntshrui.dll
0x000007fefcae0000 - 0x000007fefcb03000 	C:\Windows\system32\srvcli.dll
0x000007fef7cf0000 - 0x000007fef7cff000 	C:\Windows\system32\cscapi.dll
0x000007fefaf90000 - 0x000007fefaf9b000 	C:\Windows\system32\slc.dll
0x000007fef50c0000 - 0x000007fef50ed000 	C:\Program Files\Common Files\Microsoft Shared\Ink\rtscom.dll
0x000007fefad50000 - 0x000007fefada3000 	C:\Windows\System32\fwpuclnt.dll
0x00000000559a0000 - 0x00000000559b1000 	C:\Program Files\Java\jdk1.7.0_07\jre\bin\nio.dll
0x000007fefc340000 - 0x000007fefc35e000 	C:\Windows\system32\USERENV.dll
0x000007fefafc0000 - 0x000007fefafd5000 	C:\Windows\system32\NLAapi.dll
0x000007fef3150000 - 0x000007fef3165000 	C:\Windows\system32\napinsp.dll
0x000007fef3130000 - 0x000007fef3149000 	C:\Windows\system32\pnrpnsp.dll
0x000007fef4a00000 - 0x000007fef4a0b000 	C:\Windows\System32\winrnr.dll

VM Arguments:
jvm_args: -Dfile.encoding=UTF-8 
java_command: com.javafx.main.Main
Launcher Type: SUN_STANDARD

Environment Variables:
PATH=C:\Program Files (x86)\NVIDIA Corporation\PhysX\Common;C:\Program Files (x86)\Intel\iCLS Client\;C:\Program Files\Intel\iCLS Client\;C:\Windows\system32;C:\Windows;C:\Windows\System32\Wbem;C:\Windows\System32\WindowsPowerShell\v1.0\;C:\Program Files\MATLAB\R2011a\runtime\win64;C:\Program Files\MATLAB\R2011a\bin
USERNAME=Karl
OS=Windows_NT
PROCESSOR_IDENTIFIER=Intel64 Family 6 Model 42 Stepping 7, GenuineIntel



---------------  S Y S T E M  ---------------

OS: Windows 7 , 64 bit Build 7601 Service Pack 1

CPU:total 4 (2 cores per cpu, 2 threads per core) family 6 model 42 stepping 7, cmov, cx8, fxsr, mmx, sse, sse2, sse3, ssse3, sse4.1, sse4.2, popcnt, avx, ht, tsc, tscinvbit

Memory: 4k page, physical 8297308k(2038628k free), swap 8295456k(4880k free)

vm_info: Java HotSpot(TM) 64-Bit Server VM (23.3-b01) for windows-amd64 JRE (1.7.0_07-b11), built on Sep  7 2012 01:19:25 by "java_re" with unknown MS VC++:1600

time: Tue Jan 29 22:01:44 2013
elapsed time: 12 seconds

